#
# There is insufficient memory for the Java Runtime Environment to continue.
# Native memory allocation (mmap) failed to map 65536 bytes. Error detail: Failed to commit metaspace.
# Possible reasons:
#   The system is out of physical RAM or swap space
#   This process is running with CompressedOops enabled, and the Java Heap may be blocking the growth of the native heap
# Possible solutions:
#   Reduce memory load on the system
#   Increase physical memory or swap space
#   Check if swap backing store is full
#   Decrease Java heap size (-Xmx/-Xms)
#   Decrease number of Java threads
#   Decrease Java thread stack sizes (-Xss)
#   Set larger code cache with -XX:ReservedCodeCacheSize=
#   JVM is running with Unscaled Compressed Oops mode in which the Java heap is
#     placed in the first 4GB address space. The Java Heap base address is the
#     maximum limit for the native heap growth. Please use -XX:HeapBaseMinAddress
#     to set the Java Heap base and to place the Java Heap above 4GB virtual address.
# This output file may be truncated or incomplete.
#
#  Out of Memory Error (virtualSpaceNode.cpp:110), pid=8200, tid=18356
#
# JRE version: OpenJDK Runtime Environment Microsoft-10800295 (17.0.14+7) (build 17.0.14+7-LTS)
# Java VM: OpenJDK 64-Bit Server VM Microsoft-10800295 (17.0.14+7-LTS, mixed mode, sharing, tiered, compressed oops, compressed class ptrs, g1 gc, windows-amd64)
# No core dump will be written. Minidumps are not enabled by default on client versions of Windows
#

---------------  S U M M A R Y ------------

Command Line: -Xmx64m -Xms64m -Dorg.gradle.appname=gradlew org.gradle.wrapper.GradleWrapperMain

Host: Intel(R) Core(TM) i5-10300H CPU @ 2.50GHz, 8 cores, 7G,  Windows 11 , 64 bit Build 22621 (10.0.22621.4974)
Time: Sat Mar 29 07:13:20 2025 India Standard Time elapsed time: 1.761719 seconds (0d 0h 0m 1s)

---------------  T H R E A D  ---------------

Current thread (0x000002a956cfb8f0):  JavaThread "Exec process" [_thread_in_vm, id=18356, stack(0x000000e460700000,0x000000e460800000)]

Stack: [0x000000e460700000,0x000000e460800000]
Native frames: (J=compiled Java code, j=interpreted, Vv=VM code, C=native code)
V  [jvm.dll+0x6886b9]
V  [jvm.dll+0x83f6f8]
V  [jvm.dll+0x8411a3]
V  [jvm.dll+0x841813]
V  [jvm.dll+0x2495cf]
V  [jvm.dll+0x83b4ad]
V  [jvm.dll+0x62c99e]
V  [jvm.dll+0x62ca0a]
V  [jvm.dll+0x62f233]
V  [jvm.dll+0x62d346]
V  [jvm.dll+0x246ebc]
V  [jvm.dll+0x6df4ed]
V  [jvm.dll+0x6dfecf]
V  [jvm.dll+0x377b01]
V  [jvm.dll+0x376b84]
V  [jvm.dll+0x376b28]
V  [jvm.dll+0x386b1a]
C  0x000002a90754b8ae

The last pc belongs to new (printed below).
Java frames: (J=compiled Java code, j=interpreted, Vv=VM code)
j  java.util.regex.Matcher.toMatchResult(Ljava/lang/String;)Ljava/util/regex/MatchResult;+0 java.base@17.0.14
j  java.util.regex.Matcher.toMatchResult()Ljava/util/regex/MatchResult;+10 java.base@17.0.14
j  java.util.Scanner.match()Ljava/util/regex/MatchResult;+22 java.base@17.0.14
j  java.util.Scanner.nextLine()Ljava/lang/String;+54 java.base@17.0.14
j  org.gradle.launcher.daemon.bootstrap.DaemonOutputConsumer.start()V+64
j  org.gradle.process.internal.DefaultExecHandle$CompositeStreamsHandler.start()V+19
j  org.gradle.process.internal.ExecHandleRunner.lambda$run$0()V+25
j  org.gradle.process.internal.ExecHandleRunner$$Lambda$86+0x000002a912155250.run()V+4
j  org.gradle.internal.operations.CurrentBuildOperationRef.with(Lorg/gradle/internal/operations/BuildOperationRef;Ljava/lang/Runnable;)V+11
j  org.gradle.process.internal.ExecHandleRunner.run()V+13
j  org.gradle.internal.concurrent.ExecutorPolicy$CatchAndRecordFailures.onExecute(Ljava/lang/Runnable;)V+1
j  org.gradle.internal.concurrent.AbstractManagedExecutor$1.run()V+25
j  java.util.concurrent.ThreadPoolExecutor.runWorker(Ljava/util/concurrent/ThreadPoolExecutor$Worker;)V+92 java.base@17.0.14
j  java.util.concurrent.ThreadPoolExecutor$Worker.run()V+5 java.base@17.0.14
j  java.lang.Thread.run()V+11 java.base@17.0.14
v  ~StubRoutines::call_stub
new  187 new  [0x000002a90754b720, 0x000002a90754b940]  544 bytes
[MachCode]
  0x000002a90754b720: 4883 ec08 | c5fa 1104 | 24eb 1f48 | 83ec 10c5 | fb11 0424 | eb14 4883 | ec10 4889 | 0424 48c7 
  0x000002a90754b740: 4424 0800 | 0000 00eb | 0150 410f | b755 010f | cac1 ea10 | 488b 4de8 | 488b 4908 | 488b 4908 
  0x000002a90754b760: 488b 4108 | 807c 1004 | 070f 85df | 0000 0066 | 8b54 d148 | 488b 4928 | 488b 4cd1 | 0851 80b9 
  0x000002a90754b780: 3301 0000 | 040f 85c2 | 0000 008b | 5108 f7c2 | 0100 0000 | 0f85 b300 | 0000 498b | 8708 0100 
  0x000002a90754b7a0: 0048 8d1c | 1049 3b9f | 1801 0000 | 0f87 9b00 | 0000 4989 | 9f08 0100 | 00e9 0000 | 0000 4883 
  0x000002a90754b7c0: ea10 0f84 | 0f00 0000 | 33c9 c1ea | 0348 894c | d008 48ff | ca75 f648 | c700 0100 | 0000 5933 
  0x000002a90754b7e0: f689 700c | 49ba 0000 | 0011 a902 | 0000 492b | ca89 4808 | 49ba 9437 | 7c55 fd7f | 0000 4180 
  0x000002a90754b800: 3a00 0f84 | 4000 0000 | 5048 8bc8 | 4883 ec20 | f7c4 0f00 | 0000 0f84 | 1a00 0000 | 4883 ec08 
  0x000002a90754b820: 49ba 60e9 | 3155 fd7f | 0000 41ff | d248 83c4 | 08e9 0d00 | 0000 49ba | 60e9 3155 | fd7f 0000 
  0x000002a90754b840: 41ff d248 | 83c4 2058 | e9cd 0000 | 0059 488b | 55e8 488b | 5208 488b | 5208 450f | b745 0141 
  0x000002a90754b860: 0fc8 41c1 | e810 e805 | 0000 00e9 | aa00 0000 | 488d 4424 | 084c 896d | c049 8bcf | c5f8 7749 
  0x000002a90754b880: 89af a802 | 0000 4989 | 8798 0200 | 0048 83ec | 20f7 c40f | 0000 000f | 841a 0000 | 0048 83ec 
  0x000002a90754b8a0: 0849 ba90 | 6afb 54fd | 7f00 0041 | ffd2 4883 | c408 e90d | 0000 0049 | ba90 6afb | 54fd 7f00 
  0x000002a90754b8c0: 0041 ffd2 | 4883 c420 | 49c7 8798 | 0200 0000 | 0000 0049 | c787 a802 | 0000 0000 | 0000 49c7 
  0x000002a90754b8e0: 87a0 0200 | 0000 0000 | 00c5 f877 | 4981 7f08 | 0000 0000 | 0f84 0500 | 0000 e901 | 56fe ff49 
  0x000002a90754b900: 8b87 f002 | 0000 49c7 | 87f0 0200 | 0000 0000 | 004c 8b6d | c04c 8b75 | c8c3 410f | b65d 0349 
  0x000002a90754b920: 83c5 0349 | ba40 a87e | 55fd 7f00 | 0041 ff24 | da0f 1f80 | 0000 0000 | 0000 0000 | 0000 0000 
[/MachCode]

---------------  P R O C E S S  ---------------

Threads class SMR info:
_java_thread_list=0x000002a956a374f0, length=15, elements={
0x000002a976d6d150, 0x000002a976e16f30, 0x000002a976e17af0, 0x000002a97f79c640,
0x000002a97f79d200, 0x000002a97f79ecd0, 0x000002a97f7a16a0, 0x000002a97f7a68d0,
0x000002a97f7bb170, 0x000002a97f7e3690, 0x000002a97f908480, 0x000002a97f90adc0,
0x000002a956394a00, 0x000002a956cfb8f0, 0x000002a956b67580
}

Java Threads: ( => current thread )
  0x000002a976d6d150 JavaThread "main" [_thread_blocked, id=18616, stack(0x000000e45ec00000,0x000000e45ed00000)]
  0x000002a976e16f30 JavaThread "Reference Handler" daemon [_thread_blocked, id=11436, stack(0x000000e45f300000,0x000000e45f400000)]
  0x000002a976e17af0 JavaThread "Finalizer" daemon [_thread_blocked, id=5856, stack(0x000000e45f400000,0x000000e45f500000)]
  0x000002a97f79c640 JavaThread "Signal Dispatcher" daemon [_thread_blocked, id=23736, stack(0x000000e45f500000,0x000000e45f600000)]
  0x000002a97f79d200 JavaThread "Attach Listener" daemon [_thread_blocked, id=13680, stack(0x000000e45f600000,0x000000e45f700000)]
  0x000002a97f79ecd0 JavaThread "Service Thread" daemon [_thread_blocked, id=25508, stack(0x000000e45f700000,0x000000e45f800000)]
  0x000002a97f7a16a0 JavaThread "Monitor Deflation Thread" daemon [_thread_blocked, id=17308, stack(0x000000e45f800000,0x000000e45f900000)]
  0x000002a97f7a68d0 JavaThread "C2 CompilerThread0" daemon [_thread_blocked, id=23132, stack(0x000000e45f900000,0x000000e45fa00000)]
  0x000002a97f7bb170 JavaThread "C1 CompilerThread0" daemon [_thread_blocked, id=22768, stack(0x000000e45fa00000,0x000000e45fb00000)]
  0x000002a97f7e3690 JavaThread "Sweeper thread" daemon [_thread_blocked, id=19736, stack(0x000000e45fb00000,0x000000e45fc00000)]
  0x000002a97f908480 JavaThread "Notification Thread" daemon [_thread_blocked, id=14144, stack(0x000000e45fc00000,0x000000e45fd00000)]
  0x000002a97f90adc0 JavaThread "Common-Cleaner" daemon [_thread_blocked, id=24188, stack(0x000000e45fe00000,0x000000e45ff00000)]
  0x000002a956394a00 JavaThread "pool-1-thread-1" [_thread_blocked, id=23392, stack(0x000000e460200000,0x000000e460300000)]
=>0x000002a956cfb8f0 JavaThread "Exec process" [_thread_in_vm, id=18356, stack(0x000000e460700000,0x000000e460800000)]
  0x000002a956b67580 JavaThread "Exec process Thread 2" [_thread_blocked, id=20652, stack(0x000000e460800000,0x000000e460900000)]

Other Threads:
  0x000002a976e139e0 VMThread "VM Thread" [stack: 0x000000e45f200000,0x000000e45f300000] [id=25420]
  0x000002a97f90a970 WatcherThread [stack: 0x000000e45fd00000,0x000000e45fe00000] [id=1764]
  0x000002a976d8d4d0 GCTaskThread "GC Thread#0" [stack: 0x000000e45ed00000,0x000000e45ee00000] [id=2400]
  0x000002a95624ca30 GCTaskThread "GC Thread#1" [stack: 0x000000e45ff00000,0x000000e460000000] [id=10472]
  0x000002a95613d9f0 GCTaskThread "GC Thread#2" [stack: 0x000000e460000000,0x000000e460100000] [id=24352]
  0x000002a9562da4a0 GCTaskThread "GC Thread#3" [stack: 0x000000e460100000,0x000000e460200000] [id=22968]
  0x000002a956a40850 GCTaskThread "GC Thread#4" [stack: 0x000000e460300000,0x000000e460400000] [id=15744]
  0x000002a956a6f0f0 GCTaskThread "GC Thread#5" [stack: 0x000000e460400000,0x000000e460500000] [id=5764]
  0x000002a956a6f3b0 GCTaskThread "GC Thread#6" [stack: 0x000000e460500000,0x000000e460600000] [id=20276]
  0x000002a976d91030 ConcurrentGCThread "G1 Main Marker" [stack: 0x000000e45ee00000,0x000000e45ef00000] [id=24804]
  0x000002a976d91a50 ConcurrentGCThread "G1 Conc#0" [stack: 0x000000e45ef00000,0x000000e45f000000] [id=18292]
  0x000002a976df4f70 ConcurrentGCThread "G1 Refine#0" [stack: 0x000000e45f000000,0x000000e45f100000] [id=22660]
  0x000002a976df6850 ConcurrentGCThread "G1 Service" [stack: 0x000000e45f100000,0x000000e45f200000] [id=23728]

Threads with active compile tasks:

VM state: not at safepoint (normal execution)

VM Mutex/Monitor currently owned by a thread:  ([mutex/lock_event])
[0x000002a976d68690] Metaspace_lock - owner thread: 0x000002a956cfb8f0

Heap address: 0x00000000fc000000, size: 64 MB, Compressed Oops mode: 32-bit

CDS archive(s) mapped at: [0x000002a911000000-0x000002a911bb0000-0x000002a911bb0000), size 12255232, SharedBaseAddress: 0x000002a911000000, ArchiveRelocationMode: 1.
Compressed class space mapped at: 0x000002a912000000-0x000002a952000000, reserved size: 1073741824
Narrow klass base: 0x000002a911000000, Narrow klass shift: 0, Narrow klass range: 0x100000000

GC Precious Log:
 CPUs: 8 total, 8 available
 Memory: 8029M
 Large Page Support: Disabled
 NUMA Support: Disabled
 Compressed Oops: Enabled (32-bit)
 Heap Region Size: 1M
 Heap Min Capacity: 64M
 Heap Initial Capacity: 64M
 Heap Max Capacity: 64M
 Pre-touch: Disabled
 Parallel Workers: 8
 Concurrent Workers: 2
 Concurrent Refinement Workers: 8
 Periodic GC: Disabled

Heap:
 garbage-first heap   total 65536K, used 20060K [0x00000000fc000000, 0x0000000100000000)
  region size 1024K, 13 young (13312K), 4 survivors (4096K)
 Metaspace       used 8873K, committed 9024K, reserved 1114112K
  class space    used 1192K, committed 1280K, reserved 1048576K

Heap Regions: E=young(eden), S=young(survivor), O=old, HS=humongous(starts), HC=humongous(continues), CS=collection set, F=free, OA=open archive, CA=closed archive, TAMS=top-at-mark-start (previous, next)
|   0|0x00000000fc000000, 0x00000000fc100000, 0x00000000fc100000|100%| O|  |TAMS 0x00000000fc000000, 0x00000000fc000000| Untracked 
|   1|0x00000000fc100000, 0x00000000fc200000, 0x00000000fc200000|100%|HS|  |TAMS 0x00000000fc100000, 0x00000000fc100000| Complete 
|   2|0x00000000fc200000, 0x00000000fc300000, 0x00000000fc300000|100%|HC|  |TAMS 0x00000000fc200000, 0x00000000fc200000| Complete 
|   3|0x00000000fc300000, 0x00000000fc400000, 0x00000000fc400000|100%|HC|  |TAMS 0x00000000fc300000, 0x00000000fc300000| Complete 
|   4|0x00000000fc400000, 0x00000000fc500000, 0x00000000fc500000|100%| O|  |TAMS 0x00000000fc400000, 0x00000000fc400000| Untracked 
|   5|0x00000000fc500000, 0x00000000fc600000, 0x00000000fc600000|100%| O|  |TAMS 0x00000000fc500000, 0x00000000fc500000| Untracked 
|   6|0x00000000fc600000, 0x00000000fc700000, 0x00000000fc700000|100%| O|  |TAMS 0x00000000fc600000, 0x00000000fc600000| Untracked 
|   7|0x00000000fc700000, 0x00000000fc797000, 0x00000000fc800000| 58%| O|  |TAMS 0x00000000fc700000, 0x00000000fc700000| Untracked 
|   8|0x00000000fc800000, 0x00000000fc800000, 0x00000000fc900000|  0%| F|  |TAMS 0x00000000fc800000, 0x00000000fc800000| Untracked 
|   9|0x00000000fc900000, 0x00000000fc900000, 0x00000000fca00000|  0%| F|  |TAMS 0x00000000fc900000, 0x00000000fc900000| Untracked 
|  10|0x00000000fca00000, 0x00000000fca00000, 0x00000000fcb00000|  0%| F|  |TAMS 0x00000000fca00000, 0x00000000fca00000| Untracked 
|  11|0x00000000fcb00000, 0x00000000fcb00000, 0x00000000fcc00000|  0%| F|  |TAMS 0x00000000fcb00000, 0x00000000fcb00000| Untracked 
|  12|0x00000000fcc00000, 0x00000000fcc00000, 0x00000000fcd00000|  0%| F|  |TAMS 0x00000000fcc00000, 0x00000000fcc00000| Untracked 
|  13|0x00000000fcd00000, 0x00000000fcd00000, 0x00000000fce00000|  0%| F|  |TAMS 0x00000000fcd00000, 0x00000000fcd00000| Untracked 
|  14|0x00000000fce00000, 0x00000000fce00000, 0x00000000fcf00000|  0%| F|  |TAMS 0x00000000fce00000, 0x00000000fce00000| Untracked 
|  15|0x00000000fcf00000, 0x00000000fcf00000, 0x00000000fd000000|  0%| F|  |TAMS 0x00000000fcf00000, 0x00000000fcf00000| Untracked 
|  16|0x00000000fd000000, 0x00000000fd000000, 0x00000000fd100000|  0%| F|  |TAMS 0x00000000fd000000, 0x00000000fd000000| Untracked 
|  17|0x00000000fd100000, 0x00000000fd100000, 0x00000000fd200000|  0%| F|  |TAMS 0x00000000fd100000, 0x00000000fd100000| Untracked 
|  18|0x00000000fd200000, 0x00000000fd200000, 0x00000000fd300000|  0%| F|  |TAMS 0x00000000fd200000, 0x00000000fd200000| Untracked 
|  19|0x00000000fd300000, 0x00000000fd300000, 0x00000000fd400000|  0%| F|  |TAMS 0x00000000fd300000, 0x00000000fd300000| Untracked 
|  20|0x00000000fd400000, 0x00000000fd400000, 0x00000000fd500000|  0%| F|  |TAMS 0x00000000fd400000, 0x00000000fd400000| Untracked 
|  21|0x00000000fd500000, 0x00000000fd500000, 0x00000000fd600000|  0%| F|  |TAMS 0x00000000fd500000, 0x00000000fd500000| Untracked 
|  22|0x00000000fd600000, 0x00000000fd600000, 0x00000000fd700000|  0%| F|  |TAMS 0x00000000fd600000, 0x00000000fd600000| Untracked 
|  23|0x00000000fd700000, 0x00000000fd700000, 0x00000000fd800000|  0%| F|  |TAMS 0x00000000fd700000, 0x00000000fd700000| Untracked 
|  24|0x00000000fd800000, 0x00000000fd800000, 0x00000000fd900000|  0%| F|  |TAMS 0x00000000fd800000, 0x00000000fd800000| Untracked 
|  25|0x00000000fd900000, 0x00000000fd900000, 0x00000000fda00000|  0%| F|  |TAMS 0x00000000fd900000, 0x00000000fd900000| Untracked 
|  26|0x00000000fda00000, 0x00000000fda00000, 0x00000000fdb00000|  0%| F|  |TAMS 0x00000000fda00000, 0x00000000fda00000| Untracked 
|  27|0x00000000fdb00000, 0x00000000fdb00000, 0x00000000fdc00000|  0%| F|  |TAMS 0x00000000fdb00000, 0x00000000fdb00000| Untracked 
|  28|0x00000000fdc00000, 0x00000000fdc00000, 0x00000000fdd00000|  0%| F|  |TAMS 0x00000000fdc00000, 0x00000000fdc00000| Untracked 
|  29|0x00000000fdd00000, 0x00000000fde00000, 0x00000000fde00000|100%| S|CS|TAMS 0x00000000fdd00000, 0x00000000fdd00000| Complete 
|  30|0x00000000fde00000, 0x00000000fdf00000, 0x00000000fdf00000|100%| S|CS|TAMS 0x00000000fde00000, 0x00000000fde00000| Complete 
|  31|0x00000000fdf00000, 0x00000000fe000000, 0x00000000fe000000|100%| S|CS|TAMS 0x00000000fdf00000, 0x00000000fdf00000| Complete 
|  32|0x00000000fe000000, 0x00000000fe100000, 0x00000000fe100000|100%| S|CS|TAMS 0x00000000fe000000, 0x00000000fe000000| Complete 
|  33|0x00000000fe100000, 0x00000000fe100000, 0x00000000fe200000|  0%| F|  |TAMS 0x00000000fe100000, 0x00000000fe100000| Untracked 
|  34|0x00000000fe200000, 0x00000000fe200000, 0x00000000fe300000|  0%| F|  |TAMS 0x00000000fe200000, 0x00000000fe200000| Untracked 
|  35|0x00000000fe300000, 0x00000000fe300000, 0x00000000fe400000|  0%| F|  |TAMS 0x00000000fe300000, 0x00000000fe300000| Untracked 
|  36|0x00000000fe400000, 0x00000000fe400000, 0x00000000fe500000|  0%| F|  |TAMS 0x00000000fe400000, 0x00000000fe400000| Untracked 
|  37|0x00000000fe500000, 0x00000000fe500000, 0x00000000fe600000|  0%| F|  |TAMS 0x00000000fe500000, 0x00000000fe500000| Untracked 
|  38|0x00000000fe600000, 0x00000000fe600000, 0x00000000fe700000|  0%| F|  |TAMS 0x00000000fe600000, 0x00000000fe600000| Untracked 
|  39|0x00000000fe700000, 0x00000000fe700000, 0x00000000fe800000|  0%| F|  |TAMS 0x00000000fe700000, 0x00000000fe700000| Untracked 
|  40|0x00000000fe800000, 0x00000000fe800000, 0x00000000fe900000|  0%| F|  |TAMS 0x00000000fe800000, 0x00000000fe800000| Untracked 
|  41|0x00000000fe900000, 0x00000000fe900000, 0x00000000fea00000|  0%| F|  |TAMS 0x00000000fe900000, 0x00000000fe900000| Untracked 
|  42|0x00000000fea00000, 0x00000000fea00000, 0x00000000feb00000|  0%| F|  |TAMS 0x00000000fea00000, 0x00000000fea00000| Untracked 
|  43|0x00000000feb00000, 0x00000000feb00000, 0x00000000fec00000|  0%| F|  |TAMS 0x00000000feb00000, 0x00000000feb00000| Untracked 
|  44|0x00000000fec00000, 0x00000000fec00000, 0x00000000fed00000|  0%| F|  |TAMS 0x00000000fec00000, 0x00000000fec00000| Untracked 
|  45|0x00000000fed00000, 0x00000000fed00000, 0x00000000fee00000|  0%| F|  |TAMS 0x00000000fed00000, 0x00000000fed00000| Untracked 
|  46|0x00000000fee00000, 0x00000000fee00000, 0x00000000fef00000|  0%| F|  |TAMS 0x00000000fee00000, 0x00000000fee00000| Untracked 
|  47|0x00000000fef00000, 0x00000000fef00000, 0x00000000ff000000|  0%| F|  |TAMS 0x00000000fef00000, 0x00000000fef00000| Untracked 
|  48|0x00000000ff000000, 0x00000000ff000000, 0x00000000ff100000|  0%| F|  |TAMS 0x00000000ff000000, 0x00000000ff000000| Untracked 
|  49|0x00000000ff100000, 0x00000000ff100000, 0x00000000ff200000|  0%| F|  |TAMS 0x00000000ff100000, 0x00000000ff100000| Untracked 
|  50|0x00000000ff200000, 0x00000000ff200000, 0x00000000ff300000|  0%| F|  |TAMS 0x00000000ff200000, 0x00000000ff200000| Untracked 
|  51|0x00000000ff300000, 0x00000000ff300000, 0x00000000ff400000|  0%| F|  |TAMS 0x00000000ff300000, 0x00000000ff300000| Untracked 
|  52|0x00000000ff400000, 0x00000000ff400000, 0x00000000ff500000|  0%| F|  |TAMS 0x00000000ff400000, 0x00000000ff400000| Untracked 
|  53|0x00000000ff500000, 0x00000000ff500000, 0x00000000ff600000|  0%| F|  |TAMS 0x00000000ff500000, 0x00000000ff500000| Untracked 
|  54|0x00000000ff600000, 0x00000000ff600000, 0x00000000ff700000|  0%| F|  |TAMS 0x00000000ff600000, 0x00000000ff600000| Untracked 
|  55|0x00000000ff700000, 0x00000000ff785608, 0x00000000ff800000| 52%| E|  |TAMS 0x00000000ff700000, 0x00000000ff700000| Complete 
|  56|0x00000000ff800000, 0x00000000ff900000, 0x00000000ff900000|100%| E|CS|TAMS 0x00000000ff800000, 0x00000000ff800000| Complete 
|  57|0x00000000ff900000, 0x00000000ffa00000, 0x00000000ffa00000|100%| E|CS|TAMS 0x00000000ff900000, 0x00000000ff900000| Complete 
|  58|0x00000000ffa00000, 0x00000000ffb00000, 0x00000000ffb00000|100%| E|CS|TAMS 0x00000000ffa00000, 0x00000000ffa00000| Complete 
|  59|0x00000000ffb00000, 0x00000000ffc00000, 0x00000000ffc00000|100%| E|CS|TAMS 0x00000000ffb00000, 0x00000000ffb00000| Complete 
|  60|0x00000000ffc00000, 0x00000000ffd00000, 0x00000000ffd00000|100%| E|CS|TAMS 0x00000000ffc00000, 0x00000000ffc00000| Complete 
|  61|0x00000000ffd00000, 0x00000000ffe00000, 0x00000000ffe00000|100%| E|CS|TAMS 0x00000000ffd00000, 0x00000000ffd00000| Complete 
|  62|0x00000000ffe00000, 0x00000000fff00000, 0x00000000fff00000|100%| E|CS|TAMS 0x00000000ffe00000, 0x00000000ffe00000| Complete 
|  63|0x00000000fff00000, 0x0000000100000000, 0x0000000100000000|100%| E|CS|TAMS 0x00000000fff00000, 0x00000000fff00000| Complete 

Card table byte_map: [0x000002a976ca0000,0x000002a976cc0000] _byte_map_base: 0x000002a9764c0000

Marking Bits (Prev, Next): (CMBitMap*) 0x000002a976d8daf0, (CMBitMap*) 0x000002a976d8db30
 Prev Bits: [0x000002a97ebe0000, 0x000002a97ece0000)
 Next Bits: [0x000002a97ece0000, 0x000002a97ede0000)

Polling page: 0x000002a976520000

Metaspace:

Usage:
  Non-class:      7.50 MB used.
      Class:      1.16 MB used.
       Both:      8.67 MB used.

Virtual space:
  Non-class space:       64.00 MB reserved,       7.56 MB ( 12%) committed,  1 nodes.
      Class space:        1.00 GB reserved,       1.25 MB ( <1%) committed,  1 nodes.
             Both:        1.06 GB reserved,       8.81 MB ( <1%) committed. 

Chunk freelists:
   Non-Class:  7.84 MB
       Class:  14.65 MB
        Both:  22.49 MB

MaxMetaspaceSize: unlimited
CompressedClassSpaceSize: 1.00 GB
Initial GC threshold: 21.00 MB
Current GC threshold: 21.00 MB
CDS: on
MetaspaceReclaimPolicy: balanced
 - commit_granule_bytes: 65536.
 - commit_granule_words: 8192.
 - virtual_space_node_default_size: 8388608.
 - enlarge_chunks_in_place: 1.
 - new_chunks_are_fully_committed: 0.
 - uncommit_free_chunks: 1.
 - use_allocation_guard: 0.
 - handle_deallocations: 1.


Internal statistics:

num_allocs_failed_limit: 0.
num_arena_births: 80.
num_arena_deaths: 0.
num_vsnodes_births: 2.
num_vsnodes_deaths: 0.
num_space_committed: 141.
num_space_uncommitted: 0.
num_chunks_returned_to_freelist: 0.
num_chunks_taken_from_freelist: 325.
num_chunk_merges: 0.
num_chunk_splits: 219.
num_chunks_enlarged: 179.
num_inconsistent_stats: 0.

CodeHeap 'non-profiled nmethods': size=120000Kb used=645Kb max_used=645Kb free=119355Kb
 bounds [0x000002a907ad0000, 0x000002a907d40000, 0x000002a90f000000]
CodeHeap 'profiled nmethods': size=120000Kb used=2936Kb max_used=2936Kb free=117063Kb
 bounds [0x000002a900000000, 0x000002a9002e0000, 0x000002a907530000]
CodeHeap 'non-nmethods': size=5760Kb used=1175Kb max_used=1195Kb free=4585Kb
 bounds [0x000002a907530000, 0x000002a9077a0000, 0x000002a907ad0000]
 total_blobs=1991 nmethods=1519 adapters=385
 compilation: enabled
              stopped_count=0, restarted_count=0
 full_count=0

Compilation events (20 events):
Event: 1.276 Thread 0x000002a97f7bb170 nmethod 1509 0x000002a907b6fe10 code [0x000002a907b6ffa0, 0x000002a907b700b8]
Event: 1.277 Thread 0x000002a97f7bb170 1510       3       java.lang.Class::newReflectionData (66 bytes)
Event: 1.278 Thread 0x000002a97f7bb170 nmethod 1510 0x000002a9002d9690 code [0x000002a9002d98a0, 0x000002a9002da198]
Event: 1.278 Thread 0x000002a97f7a68d0 nmethod 1508 0x000002a907b70110 code [0x000002a907b702a0, 0x000002a907b705a8]
Event: 1.280 Thread 0x000002a97f7bb170 1511       3       java.security.AccessController::doPrivileged (9 bytes)
Event: 1.280 Thread 0x000002a97f7bb170 nmethod 1511 0x000002a9002da490 code [0x000002a9002da660, 0x000002a9002da9c8]
Event: 1.281 Thread 0x000002a97f7bb170 1512       3       java.lang.invoke.MethodHandles$Lookup::in (283 bytes)
Event: 1.283 Thread 0x000002a956a17440 1513       4       java.lang.StringUTF16::getChar (60 bytes)
Event: 1.283 Thread 0x000002a97f7bb170 nmethod 1512 0x000002a9002dab90 code [0x000002a9002dafc0, 0x000002a9002dca08]
Event: 1.284 Thread 0x000002a956a17440 nmethod 1513 0x000002a907b70810 code [0x000002a907b70980, 0x000002a907b70a58]
Event: 1.285 Thread 0x000002a97f7bb170 1514       3       java.nio.Buffer::limit (65 bytes)
Event: 1.285 Thread 0x000002a97f7bb170 nmethod 1514 0x000002a9002dd290 code [0x000002a9002dd440, 0x000002a9002dd6e8]
Event: 1.489 Thread 0x000002a97f7bb170 1515       1       java.util.concurrent.locks.AbstractOwnableSynchronizer::getExclusiveOwnerThread (5 bytes)
Event: 1.489 Thread 0x000002a97f7bb170 nmethod 1515 0x000002a907b70b10 code [0x000002a907b70ca0, 0x000002a907b70d78]
Event: 1.676 Thread 0x000002a97f7bb170 1516       1       java.util.concurrent.locks.AbstractQueuedSynchronizer::getState (5 bytes)
Event: 1.676 Thread 0x000002a97f7bb170 nmethod 1516 0x000002a907b70e10 code [0x000002a907b70fa0, 0x000002a907b71078]
Event: 1.755 Thread 0x000002a97f7bb170 1517       3       java.lang.invoke.DirectMethodHandle::allocateInstance (16 bytes)
Event: 1.755 Thread 0x000002a97f7bb170 nmethod 1517 0x000002a9002dd790 code [0x000002a9002dd940, 0x000002a9002ddb68]
Event: 1.755 Thread 0x000002a97f7bb170 1518       3       java.lang.invoke.DirectMethodHandle::constructorMethod (10 bytes)
Event: 1.755 Thread 0x000002a97f7bb170 nmethod 1518 0x000002a9002ddc90 code [0x000002a9002dde20, 0x000002a9002de018]

GC Heap History (4 events):
Event: 0.337 GC heap before
{Heap before GC invocations=0 (full 0):
 garbage-first heap   total 65536K, used 22528K [0x00000000fc000000, 0x0000000100000000)
  region size 1024K, 23 young (23552K), 0 survivors (0K)
 Metaspace       used 1826K, committed 1920K, reserved 1114112K
  class space    used 160K, committed 192K, reserved 1048576K
}
Event: 0.341 GC heap after
{Heap after GC invocations=1 (full 0):
 garbage-first heap   total 65536K, used 3940K [0x00000000fc000000, 0x0000000100000000)
  region size 1024K, 3 young (3072K), 3 survivors (3072K)
 Metaspace       used 1826K, committed 1920K, reserved 1114112K
  class space    used 160K, committed 192K, reserved 1048576K
}
Event: 1.113 GC heap before
{Heap before GC invocations=1 (full 0):
 garbage-first heap   total 65536K, used 35684K [0x00000000fc000000, 0x0000000100000000)
  region size 1024K, 31 young (31744K), 3 survivors (3072K)
 Metaspace       used 7846K, committed 8064K, reserved 1114112K
  class space    used 1075K, committed 1216K, reserved 1048576K
}
Event: 1.118 GC heap after
{Heap after GC invocations=2 (full 0):
 garbage-first heap   total 65536K, used 11868K [0x00000000fc000000, 0x0000000100000000)
  region size 1024K, 4 young (4096K), 4 survivors (4096K)
 Metaspace       used 7846K, committed 8064K, reserved 1114112K
  class space    used 1075K, committed 1216K, reserved 1048576K
}

Dll operation events (12 events):
Event: 0.006 Loaded shared library C:\Program Files\Microsoft\jdk-17.0.14.7-hotspot\bin\java.dll
Event: 0.020 Loaded shared library C:\Program Files\Microsoft\jdk-17.0.14.7-hotspot\bin\jsvml.dll
Event: 0.039 Loaded shared library C:\Program Files\Microsoft\jdk-17.0.14.7-hotspot\bin\net.dll
Event: 0.040 Loaded shared library C:\Program Files\Microsoft\jdk-17.0.14.7-hotspot\bin\nio.dll
Event: 0.042 Loaded shared library C:\Program Files\Microsoft\jdk-17.0.14.7-hotspot\bin\zip.dll
Event: 0.044 Loaded shared library C:\Program Files\Microsoft\jdk-17.0.14.7-hotspot\bin\verify.dll
Event: 0.289 Loaded shared library C:\Program Files\Microsoft\jdk-17.0.14.7-hotspot\bin\jimage.dll
Event: 0.574 Loaded shared library C:\Program Files\Microsoft\jdk-17.0.14.7-hotspot\bin\management.dll
Event: 0.576 Loaded shared library C:\Program Files\Microsoft\jdk-17.0.14.7-hotspot\bin\management_ext.dll
Event: 0.640 Loaded shared library C:\Users\prath\.gradle\native\1def1411415f61bf3af743bc5b6707747c0891f09f0c88961ee8f79bc544acac\windows-amd64\native-platform.dll
Event: 0.658 Loaded shared library C:\Users\prath\.gradle\native\jansi\1.18\windows64\jansi.dll
Event: 1.102 Loaded shared library C:\Program Files\Microsoft\jdk-17.0.14.7-hotspot\bin\extnet.dll

Deoptimization events (20 events):
Event: 1.284 Thread 0x000002a956cfb8f0 Uncommon trap: trap_request=0xffffff45 fr.pc=0x000002a907b2dc50 relative=0x0000000000000510
Event: 1.284 Thread 0x000002a956cfb8f0 Uncommon trap: reason=unstable_if action=reinterpret pc=0x000002a907b2dc50 method=java.lang.AbstractStringBuilder.putStringAt(ILjava/lang/String;II)V @ 8 c2
Event: 1.284 Thread 0x000002a956cfb8f0 DEOPT PACKING pc=0x000002a907b2dc50 sp=0x000000e4607fef60
Event: 1.284 Thread 0x000002a956cfb8f0 DEOPT UNPACKING pc=0x000002a9075869a3 sp=0x000000e4607fee50 mode 2
Event: 1.284 Thread 0x000002a956cfb8f0 Uncommon trap: trap_request=0xffffff45 fr.pc=0x000002a907b14bdc relative=0x000000000000005c
Event: 1.284 Thread 0x000002a956cfb8f0 Uncommon trap: reason=unstable_if action=reinterpret pc=0x000002a907b14bdc method=java.lang.AbstractStringBuilder.isLatin1()Z @ 10 c2
Event: 1.284 Thread 0x000002a956cfb8f0 DEOPT PACKING pc=0x000002a907b14bdc sp=0x000000e4607fedf0
Event: 1.284 Thread 0x000002a956cfb8f0 DEOPT UNPACKING pc=0x000002a9075869a3 sp=0x000000e4607fed80 mode 2
Event: 1.284 Thread 0x000002a956cfb8f0 Uncommon trap: trap_request=0xffffff45 fr.pc=0x000002a907b2e914 relative=0x0000000000000114
Event: 1.284 Thread 0x000002a956cfb8f0 Uncommon trap: reason=unstable_if action=reinterpret pc=0x000002a907b2e914 method=java.lang.String.getBytes([BIIBI)V @ 6 c2
Event: 1.284 Thread 0x000002a956cfb8f0 DEOPT PACKING pc=0x000002a907b2e914 sp=0x000000e4607fedf0
Event: 1.284 Thread 0x000002a956cfb8f0 DEOPT UNPACKING pc=0x000002a9075869a3 sp=0x000000e4607fedb8 mode 2
Event: 1.284 Thread 0x000002a956cfb8f0 Uncommon trap: trap_request=0xffffff45 fr.pc=0x000002a907b43e20 relative=0x0000000000000400
Event: 1.284 Thread 0x000002a956cfb8f0 Uncommon trap: reason=unstable_if action=reinterpret pc=0x000002a907b43e20 method=java.lang.AbstractStringBuilder.isLatin1()Z @ 10 c2
Event: 1.284 Thread 0x000002a956cfb8f0 DEOPT PACKING pc=0x000002a907b43e20 sp=0x000000e4607fefe0
Event: 1.284 Thread 0x000002a956cfb8f0 DEOPT UNPACKING pc=0x000002a9075869a3 sp=0x000000e4607fef60 mode 2
Event: 1.755 Thread 0x000002a956cfb8f0 Uncommon trap: trap_request=0xffffff45 fr.pc=0x000002a907adf384 relative=0x0000000000000084
Event: 1.755 Thread 0x000002a956cfb8f0 Uncommon trap: reason=unstable_if action=reinterpret pc=0x000002a907adf384 method=java.lang.String.codePointAt(I)I @ 4 c2
Event: 1.755 Thread 0x000002a956cfb8f0 DEOPT PACKING pc=0x000002a907adf384 sp=0x000000e4607fef50
Event: 1.755 Thread 0x000002a956cfb8f0 DEOPT UNPACKING pc=0x000002a9075869a3 sp=0x000000e4607feee8 mode 2

Classes loaded (20 events):
Event: 1.273 Loading class java/util/Scanner$PatternLRUCache
Event: 1.274 Loading class java/util/Scanner$PatternLRUCache done
Event: 1.275 Loading class java/util/AbstractList$ListItr
Event: 1.275 Loading class java/util/AbstractList$ListItr done
Event: 1.276 Loading class sun/util/resources/LocaleData$CommonResourceBundleProvider
Event: 1.276 Loading class sun/util/resources/LocaleData$LocaleDataResourceBundleProvider
Event: 1.277 Loading class java/util/spi/ResourceBundleProvider
Event: 1.277 Loading class java/util/spi/ResourceBundleProvider done
Event: 1.277 Loading class sun/util/resources/LocaleData$LocaleDataResourceBundleProvider done
Event: 1.277 Loading class sun/util/resources/LocaleData$CommonResourceBundleProvider done
Event: 1.277 Loading class sun/text/resources/cldr/FormatData_en
Event: 1.278 Loading class sun/text/resources/cldr/FormatData_en done
Event: 1.278 Loading class sun/util/resources/Bundles$2
Event: 1.278 Loading class sun/util/resources/Bundles$2 done
Event: 1.279 Loading class java/lang/InstantiationException
Event: 1.279 Loading class java/lang/InstantiationException done
Event: 1.284 Loading class java/io/PrintWriter
Event: 1.285 Loading class java/io/PrintWriter done
Event: 1.755 Loading class java/util/regex/Matcher$ImmutableMatchResult
Event: 1.755 Loading class java/util/regex/Matcher$ImmutableMatchResult done

Classes unloaded (0 events):
No events

Classes redefined (0 events):
No events

Internal exceptions (20 events):
Event: 0.581 Thread 0x000002a976d6d150 Exception <a 'java/lang/NoSuchMethodError'{0x00000000ff4982d8}: 'int java.lang.invoke.DirectMethodHandle$Holder.invokeSpecial(java.lang.Object, java.lang.Object, java.lang.Object)'> (0x00000000ff4982d8) 
thrown [s\src\hotspot\share\interpreter\linkResolver.cpp, line 759]
Event: 0.585 Thread 0x000002a976d6d150 Exception <a 'java/lang/NoSuchMethodError'{0x00000000ff4d4068}: 'void java.lang.invoke.DirectMethodHandle$Holder.invokeStatic(java.lang.Object, java.lang.Object)'> (0x00000000ff4d4068) 
thrown [s\src\hotspot\share\interpreter\linkResolver.cpp, line 759]
Event: 0.587 Thread 0x000002a976d6d150 Implicit null exception at 0x000002a907b19c0f to 0x000002a907b1a194
Event: 0.604 Thread 0x000002a976d6d150 Exception <a 'java/lang/NoClassDefFoundError'{0x00000000ff3528b8}: org/slf4j/impl/StaticMarkerBinder> (0x00000000ff3528b8) 
thrown [s\src\hotspot\share\classfile\systemDictionary.cpp, line 245]
Event: 0.618 Thread 0x000002a976d6d150 Exception <a 'java/lang/NoSuchMethodError'{0x00000000ff200bd0}: 'java.lang.Object java.lang.invoke.Invokers$Holder.invoker(java.lang.Object, java.lang.Object, java.lang.Object)'> (0x00000000ff200bd0) 
thrown [s\src\hotspot\share\interpreter\linkResolver.cpp, line 759]
Event: 0.619 Thread 0x000002a976d6d150 Exception <a 'java/lang/NoSuchMethodError'{0x00000000ff209d28}: 'java.lang.Object java.lang.invoke.DirectMethodHandle$Holder.invokeStatic(java.lang.Object, java.lang.Object, int)'> (0x00000000ff209d28) 
thrown [s\src\hotspot\share\interpreter\linkResolver.cpp, line 759]
Event: 0.621 Thread 0x000002a976d6d150 Exception <a 'java/lang/NoSuchMethodError'{0x00000000ff215a18}: 'void java.lang.invoke.DelegatingMethodHandle$Holder.delegate(java.lang.Object, java.lang.Object, int, java.lang.Object)'> (0x00000000ff215a18) 
thrown [s\src\hotspot\share\interpreter\linkResolver.cpp, line 759]
Event: 0.623 Thread 0x000002a976d6d150 Exception <a 'java/lang/NoSuchMethodError'{0x00000000ff229108}: 'java.lang.Object java.lang.invoke.Invokers$Holder.invokeExact_MT(java.lang.Object, java.lang.Object, java.lang.Object, java.lang.Object)'> (0x00000000ff229108) 
thrown [s\src\hotspot\share\interpreter\linkResolver.cpp, line 759]
Event: 0.627 Thread 0x000002a976d6d150 Exception <a 'java/lang/NoSuchMethodError'{0x00000000ff24cd38}: 'java.lang.Object java.lang.invoke.DirectMethodHandle$Holder.invokeVirtual(java.lang.Object, java.lang.Object, java.lang.Object)'> (0x00000000ff24cd38) 
thrown [s\src\hotspot\share\interpreter\linkResolver.cpp, line 759]
Event: 0.721 Thread 0x000002a976d6d150 Exception <a 'java/lang/NoSuchMethodError'{0x00000000feed3618}: 'java.lang.Object java.lang.invoke.DirectMethodHandle$Holder.newInvokeSpecial(java.lang.Object, java.lang.Object, java.lang.Object, java.lang.Object, java.lang.Object)'> (0x00000000feed3618) 
thrown [s\src\hotspot\share\interpreter\linkResolver.cpp, line 759]
Event: 0.743 Thread 0x000002a976d6d150 Exception <a 'java/lang/NoSuchMethodError'{0x00000000fedf6168}: 'void java.lang.invoke.DirectMethodHandle$Holder.invokeSpecial(java.lang.Object, java.lang.Object, java.lang.Object)'> (0x00000000fedf6168) 
thrown [s\src\hotspot\share\interpreter\linkResolver.cpp, line 759]
Event: 0.833 Thread 0x000002a976d6d150 Exception <a 'java/lang/NoSuchMethodError'{0x00000000fe5ecf48}: 'java.lang.Object java.lang.invoke.DirectMethodHandle$Holder.invokeSpecialIFC(java.lang.Object, java.lang.Object, java.lang.Object, java.lang.Object)'> (0x00000000fe5ecf48) 
thrown [s\src\hotspot\share\interpreter\linkResolver.cpp, line 759]
Event: 0.873 Thread 0x000002a976d6d150 Exception <a 'java/lang/NoSuchMethodError'{0x00000000fe283218}: 'java.lang.Object java.lang.invoke.DirectMethodHandle$Holder.invokeStaticInit(java.lang.Object, int, int, int, int)'> (0x00000000fe283218) 
thrown [s\src\hotspot\share\interpreter\linkResolver.cpp, line 759]
Event: 1.018 Thread 0x000002a976d6d150 Exception <a 'java/lang/NoSuchMethodError'{0x00000000fe15ad20}: 'java.lang.Object java.lang.invoke.DirectMethodHandle$Holder.invokeStaticInit(java.lang.Object, java.lang.Object, int, int, int, int)'> (0x00000000fe15ad20) 
thrown [s\src\hotspot\share\interpreter\linkResolver.cpp, line 759]
Event: 1.104 Thread 0x000002a976d6d150 Exception <a 'java/lang/NoSuchMethodError'{0x00000000fe186e58}: 'void java.lang.invoke.DirectMethodHandle$Holder.invokeStatic(java.lang.Object, java.lang.Object, java.lang.Object)'> (0x00000000fe186e58) 
thrown [s\src\hotspot\share\interpreter\linkResolver.cpp, line 759]
Event: 1.261 Thread 0x000002a956cfb8f0 Exception <a 'java/lang/NoSuchMethodError'{0x00000000ff88e688}: 'void java.lang.invoke.DirectMethodHandle$Holder.invokeStatic(java.lang.Object, long)'> (0x00000000ff88e688) 
thrown [s\src\hotspot\share\interpreter\linkResolver.cpp, line 759]
Event: 1.262 Thread 0x000002a956cfb8f0 Exception <a 'java/lang/NoSuchMethodError'{0x00000000ff893fe0}: 'java.lang.Object java.lang.invoke.DirectMethodHandle$Holder.newInvokeSpecial(java.lang.Object, long)'> (0x00000000ff893fe0) 
thrown [s\src\hotspot\share\interpreter\linkResolver.cpp, line 759]
Event: 1.265 Thread 0x000002a956cfb8f0 Exception <a 'java/lang/NoSuchMethodError'{0x00000000ff89ebf8}: 'java.lang.Object java.lang.invoke.DirectMethodHandle$Holder.invokeStaticInit(java.lang.Object, java.lang.Object, long, java.lang.Object)'> (0x00000000ff89ebf8) 
thrown [s\src\hotspot\share\interpreter\linkResolver.cpp, line 759]
Event: 1.266 Thread 0x000002a956cfb8f0 Exception <a 'java/lang/NoSuchMethodError'{0x00000000ff8a5280}: 'java.lang.Object java.lang.invoke.DirectMethodHandle$Holder.newInvokeSpecial(java.lang.Object, java.lang.Object, long)'> (0x00000000ff8a5280) 
thrown [s\src\hotspot\share\interpreter\linkResolver.cpp, line 759]
Event: 1.266 Thread 0x000002a956cfb8f0 Exception <a 'java/lang/NoSuchMethodError'{0x00000000ff8a9570}: 'java.lang.Object java.lang.invoke.Invokers$Holder.linkToTargetMethod(java.lang.Object, long, java.lang.Object)'> (0x00000000ff8a9570) 
thrown [s\src\hotspot\share\interpreter\linkResolver.cpp, line 759]

VM Operations (20 events):
Event: 0.601 Executing VM operation: HandshakeAllThreads
Event: 0.602 Executing VM operation: HandshakeAllThreads done
Event: 0.602 Executing VM operation: HandshakeAllThreads
Event: 0.602 Executing VM operation: HandshakeAllThreads done
Event: 0.619 Executing VM operation: HandshakeAllThreads
Event: 0.619 Executing VM operation: HandshakeAllThreads done
Event: 0.789 Executing VM operation: HandshakeAllThreads
Event: 0.789 Executing VM operation: HandshakeAllThreads done
Event: 0.840 Executing VM operation: HandshakeAllThreads
Event: 0.840 Executing VM operation: HandshakeAllThreads done
Event: 0.896 Executing VM operation: HandshakeAllThreads
Event: 0.896 Executing VM operation: HandshakeAllThreads done
Event: 1.113 Executing VM operation: G1CollectForAllocation
Event: 1.118 Executing VM operation: G1CollectForAllocation done
Event: 1.128 Executing VM operation: HandshakeAllThreads
Event: 1.128 Executing VM operation: HandshakeAllThreads done
Event: 1.275 Executing VM operation: HandshakeAllThreads
Event: 1.275 Executing VM operation: HandshakeAllThreads done
Event: 1.283 Executing VM operation: HandshakeAllThreads
Event: 1.283 Executing VM operation: HandshakeAllThreads done

Memory protections (0 events):
No events

Nmethod flushes (0 events):
No events

Events (19 events):
Event: 0.020 Thread 0x000002a976d6d150 Thread added: 0x000002a976d6d150
Event: 0.022 Thread 0x000002a976d6d150 Thread added: 0x000002a976e16f30
Event: 0.022 Thread 0x000002a976d6d150 Thread added: 0x000002a976e17af0
Event: 0.027 Thread 0x000002a976d6d150 Thread added: 0x000002a97f79c640
Event: 0.027 Thread 0x000002a976d6d150 Thread added: 0x000002a97f79d200
Event: 0.027 Thread 0x000002a976d6d150 Thread added: 0x000002a97f79ecd0
Event: 0.027 Thread 0x000002a976d6d150 Thread added: 0x000002a97f7a16a0
Event: 0.027 Thread 0x000002a976d6d150 Thread added: 0x000002a97f7a68d0
Event: 0.027 Thread 0x000002a976d6d150 Thread added: 0x000002a97f7bb170
Event: 0.027 Thread 0x000002a976d6d150 Thread added: 0x000002a97f7e3690
Event: 0.036 Thread 0x000002a976d6d150 Thread added: 0x000002a97f908480
Event: 0.037 Thread 0x000002a976d6d150 Thread added: 0x000002a97f90adc0
Event: 0.675 Thread 0x000002a976d6d150 Thread added: 0x000002a956394a00
Event: 1.140 Thread 0x000002a97f7bb170 Thread added: 0x000002a956a17440
Event: 1.249 Thread 0x000002a976d6d150 Thread added: 0x000002a956cfb8f0
Event: 1.268 Thread 0x000002a956cfb8f0 Thread added: 0x000002a956b67580
Event: 1.269 Thread 0x000002a956b67580 Thread exited: 0x000002a956b67580
Event: 1.269 Thread 0x000002a956cfb8f0 Thread added: 0x000002a956b67580
Event: 1.489 Thread 0x000002a956a17440 Thread exited: 0x000002a956a17440


Dynamic libraries:
0x00007ff627fd0000 - 0x00007ff627fde000 	C:\Program Files\Microsoft\jdk-17.0.14.7-hotspot\bin\java.exe
0x00007ffdd2d30000 - 0x00007ffdd2f47000 	C:\WINDOWS\SYSTEM32\ntdll.dll
0x00007ffdd1540000 - 0x00007ffdd1604000 	C:\WINDOWS\System32\KERNEL32.DLL
0x00007ffdcff40000 - 0x00007ffdd0311000 	C:\WINDOWS\System32\KERNELBASE.dll
0x00007ffdd0420000 - 0x00007ffdd0531000 	C:\WINDOWS\System32\ucrtbase.dll
0x00007ffdca650000 - 0x00007ffdca667000 	C:\Program Files\Microsoft\jdk-17.0.14.7-hotspot\bin\jli.dll
0x00007ffdca630000 - 0x00007ffdca64d000 	C:\Program Files\Microsoft\jdk-17.0.14.7-hotspot\bin\VCRUNTIME140.dll
0x00007ffdd1800000 - 0x00007ffdd19b1000 	C:\WINDOWS\System32\USER32.dll
0x00007ffdcff10000 - 0x00007ffdcff36000 	C:\WINDOWS\System32\win32u.dll
0x00007ffdb7f00000 - 0x00007ffdb8192000 	C:\WINDOWS\WinSxS\amd64_microsoft.windows.common-controls_6595b64144ccf1df_6.0.22621.4830_none_270fe7d773858e80\COMCTL32.dll
0x00007ffdd0a00000 - 0x00007ffdd0a29000 	C:\WINDOWS\System32\GDI32.dll
0x00007ffdd2bc0000 - 0x00007ffdd2c67000 	C:\WINDOWS\System32\msvcrt.dll
0x00007ffdd0630000 - 0x00007ffdd074b000 	C:\WINDOWS\System32\gdi32full.dll
0x00007ffdcfe70000 - 0x00007ffdcff0a000 	C:\WINDOWS\System32\msvcp_win.dll
0x00007ffdd0a50000 - 0x00007ffdd0a81000 	C:\WINDOWS\System32\IMM32.DLL
0x00007ffdca7b0000 - 0x00007ffdca7bc000 	C:\Program Files\Microsoft\jdk-17.0.14.7-hotspot\bin\vcruntime140_1.dll
0x00007ffdabdc0000 - 0x00007ffdabe4d000 	C:\Program Files\Microsoft\jdk-17.0.14.7-hotspot\bin\msvcp140.dll
0x00007ffd54c30000 - 0x00007ffd558a2000 	C:\Program Files\Microsoft\jdk-17.0.14.7-hotspot\bin\server\jvm.dll
0x00007ffdd1ad0000 - 0x00007ffdd1b81000 	C:\WINDOWS\System32\ADVAPI32.dll
0x00007ffdd0c30000 - 0x00007ffdd0cd7000 	C:\WINDOWS\System32\sechost.dll
0x00007ffdd0540000 - 0x00007ffdd0568000 	C:\WINDOWS\System32\bcrypt.dll
0x00007ffdd1610000 - 0x00007ffdd1724000 	C:\WINDOWS\System32\RPCRT4.dll
0x00007ffdd1c20000 - 0x00007ffdd1c91000 	C:\WINDOWS\System32\WS2_32.dll
0x00007ffdced20000 - 0x00007ffdced6d000 	C:\WINDOWS\SYSTEM32\POWRPROF.dll
0x00007ffdca530000 - 0x00007ffdca564000 	C:\WINDOWS\SYSTEM32\WINMM.dll
0x00007ffdcaa20000 - 0x00007ffdcaa2a000 	C:\WINDOWS\SYSTEM32\VERSION.dll
0x00007ffdced00000 - 0x00007ffdced13000 	C:\WINDOWS\SYSTEM32\UMPDC.dll
0x00007ffdcef50000 - 0x00007ffdcef68000 	C:\WINDOWS\SYSTEM32\kernel.appcore.dll
0x00007ffdca710000 - 0x00007ffdca71a000 	C:\Program Files\Microsoft\jdk-17.0.14.7-hotspot\bin\jimage.dll
0x00007ffdcd8f0000 - 0x00007ffdcdb22000 	C:\WINDOWS\SYSTEM32\DBGHELP.DLL
0x00007ffdd2720000 - 0x00007ffdd2ab0000 	C:\WINDOWS\System32\combase.dll
0x00007ffdd0aa0000 - 0x00007ffdd0b77000 	C:\WINDOWS\System32\OLEAUT32.dll
0x00007ffdb6630000 - 0x00007ffdb6662000 	C:\WINDOWS\SYSTEM32\dbgcore.DLL
0x00007ffdd03a0000 - 0x00007ffdd041b000 	C:\WINDOWS\System32\bcryptPrimitives.dll
0x00007ffdb82c0000 - 0x00007ffdb82e5000 	C:\Program Files\Microsoft\jdk-17.0.14.7-hotspot\bin\java.dll
0x00007ffdabce0000 - 0x00007ffdabdb7000 	C:\Program Files\Microsoft\jdk-17.0.14.7-hotspot\bin\jsvml.dll
0x00007ffdd1e20000 - 0x00007ffdd26a8000 	C:\WINDOWS\System32\SHELL32.dll
0x00007ffdd0750000 - 0x00007ffdd088f000 	C:\WINDOWS\System32\wintypes.dll
0x00007ffdcdde0000 - 0x00007ffdce6ed000 	C:\WINDOWS\SYSTEM32\windows.storage.dll
0x00007ffdd2ab0000 - 0x00007ffdd2bba000 	C:\WINDOWS\System32\SHCORE.dll
0x00007ffdd14e0000 - 0x00007ffdd153e000 	C:\WINDOWS\System32\shlwapi.dll
0x00007ffdcfda0000 - 0x00007ffdcfdcb000 	C:\WINDOWS\SYSTEM32\profapi.dll
0x00007ffdc9b10000 - 0x00007ffdc9b2a000 	C:\Program Files\Microsoft\jdk-17.0.14.7-hotspot\bin\net.dll
0x00007ffdca7d0000 - 0x00007ffdca8fc000 	C:\WINDOWS\SYSTEM32\WINHTTP.dll
0x00007ffdcf420000 - 0x00007ffdcf48a000 	C:\WINDOWS\system32\mswsock.dll
0x00007ffdb8370000 - 0x00007ffdb8386000 	C:\Program Files\Microsoft\jdk-17.0.14.7-hotspot\bin\nio.dll
0x00007ffdb7ad0000 - 0x00007ffdb7ae8000 	C:\Program Files\Microsoft\jdk-17.0.14.7-hotspot\bin\zip.dll
0x00007ffdca6b0000 - 0x00007ffdca6c0000 	C:\Program Files\Microsoft\jdk-17.0.14.7-hotspot\bin\verify.dll
0x00007ffdbadf0000 - 0x00007ffdbadfa000 	C:\Program Files\Microsoft\jdk-17.0.14.7-hotspot\bin\management.dll
0x00007ffdb82b0000 - 0x00007ffdb82bb000 	C:\Program Files\Microsoft\jdk-17.0.14.7-hotspot\bin\management_ext.dll
0x00007ffdd0a90000 - 0x00007ffdd0a98000 	C:\WINDOWS\System32\PSAPI.DLL
0x00007ffdb7a00000 - 0x00007ffdb7a27000 	C:\Users\prath\.gradle\native\1def1411415f61bf3af743bc5b6707747c0891f09f0c88961ee8f79bc544acac\windows-amd64\native-platform.dll
0x00007ffdb7ac0000 - 0x00007ffdb7aca000 	C:\Users\prath\.gradle\native\jansi\1.18\windows64\jansi.dll
0x00007ffdcf680000 - 0x00007ffdcf69b000 	C:\WINDOWS\SYSTEM32\CRYPTSP.dll
0x00007ffdcef10000 - 0x00007ffdcef47000 	C:\WINDOWS\system32\rsaenh.dll
0x00007ffdcf510000 - 0x00007ffdcf538000 	C:\WINDOWS\SYSTEM32\USERENV.dll
0x00007ffdcf670000 - 0x00007ffdcf67c000 	C:\WINDOWS\SYSTEM32\CRYPTBASE.dll
0x00007ffdce9c0000 - 0x00007ffdce9ed000 	C:\WINDOWS\SYSTEM32\IPHLPAPI.DLL
0x00007ffdd17f0000 - 0x00007ffdd17f9000 	C:\WINDOWS\System32\NSI.dll
0x00007ffdca570000 - 0x00007ffdca589000 	C:\WINDOWS\SYSTEM32\dhcpcsvc6.DLL
0x00007ffdca510000 - 0x00007ffdca52f000 	C:\WINDOWS\SYSTEM32\dhcpcsvc.DLL
0x00007ffdcea30000 - 0x00007ffdceb32000 	C:\WINDOWS\SYSTEM32\DNSAPI.dll
0x00007ffdb79f0000 - 0x00007ffdb79f9000 	C:\Program Files\Microsoft\jdk-17.0.14.7-hotspot\bin\extnet.dll

dbghelp: loaded successfully - version: 4.0.5 - missing functions: none
symbol engine: initialized successfully - sym options: 0x614 - pdb path: .;C:\Program Files\Microsoft\jdk-17.0.14.7-hotspot\bin;C:\WINDOWS\SYSTEM32;C:\WINDOWS\WinSxS\amd64_microsoft.windows.common-controls_6595b64144ccf1df_6.0.22621.4830_none_270fe7d773858e80;C:\Program Files\Microsoft\jdk-17.0.14.7-hotspot\bin\server;C:\Users\prath\.gradle\native\1def1411415f61bf3af743bc5b6707747c0891f09f0c88961ee8f79bc544acac\windows-amd64;C:\Users\prath\.gradle\native\jansi\1.18\windows64

VM Arguments:
jvm_args: -Xmx64m -Xms64m -Dorg.gradle.appname=gradlew 
java_command: org.gradle.wrapper.GradleWrapperMain
java_class_path (initial): D:\Github\AnyDrop1zeroConf\android\\gradle\wrapper\gradle-wrapper.jar
Launcher Type: SUN_STANDARD

[Global flags]
     intx CICompilerCount                          = 4                                         {product} {ergonomic}
     uint ConcGCThreads                            = 2                                         {product} {ergonomic}
     uint G1ConcRefinementThreads                  = 8                                         {product} {ergonomic}
   size_t G1HeapRegionSize                         = 1048576                                   {product} {ergonomic}
    uintx GCDrainStackTargetSize                   = 64                                        {product} {ergonomic}
   size_t InitialHeapSize                          = 67108864                                  {product} {command line}
   size_t MarkStackSize                            = 4194304                                   {product} {ergonomic}
   size_t MaxHeapSize                              = 67108864                                  {product} {command line}
   size_t MaxNewSize                               = 39845888                                  {product} {ergonomic}
   size_t MinHeapDeltaBytes                        = 1048576                                   {product} {ergonomic}
   size_t MinHeapSize                              = 67108864                                  {product} {command line}
    uintx NonNMethodCodeHeapSize                   = 5839372                                {pd product} {ergonomic}
    uintx NonProfiledCodeHeapSize                  = 122909434                              {pd product} {ergonomic}
    uintx ProfiledCodeHeapSize                     = 122909434                              {pd product} {ergonomic}
    uintx ReservedCodeCacheSize                    = 251658240                              {pd product} {ergonomic}
     bool SegmentedCodeCache                       = true                                      {product} {ergonomic}
   size_t SoftMaxHeapSize                          = 67108864                               {manageable} {ergonomic}
     bool UseCompressedClassPointers               = true                           {product lp64_product} {ergonomic}
     bool UseCompressedOops                        = true                           {product lp64_product} {ergonomic}
     bool UseG1GC                                  = true                                      {product} {ergonomic}
     bool UseLargePagesIndividualAllocation        = false                                  {pd product} {ergonomic}

Logging:
Log output configuration:
 #0: stdout all=warning uptime,level,tags
 #1: stderr all=off uptime,level,tags

Environment Variables:
JAVA_HOME=C:\Program Files\Microsoft\jdk-17.0.14.7-hotspot\
CLASSPATH=D:\Github\AnyDrop1zeroConf\android\\gradle\wrapper\gradle-wrapper.jar
PATH=C:\Program Files\Microsoft\jdk-17.0.14.7-hotspot\bin;C:\Program Files\Eclipse Adoptium\jdk-21.0.6.7-hotspot\bin;C:\Program Files\NVIDIA\CUDNN\v9.4\bin;C:\Windows\system32;C:\Windows;C:\Windows\System32\Wbem;C:\Windows\System32\WindowsPowerShell\v1.0\;C:\Windows\System32\OpenSSH\;C:\Program Files (x86)\NVIDIA Corporation\PhysX\Common;C:\Program Files\NVIDIA Corporation\NVIDIA NvDLISR;C:\WINDOWS\system32;C:\WINDOWS;C:\WINDOWS\System32\Wbem;C:\WINDOWS\System32\WindowsPowerShell\v1.0\;C:\WINDOWS\System32\OpenSSH\;C:\Program Files\dotnet\;C:\Program Files\Git\cmd;C:\Program Files\MongoDB\Server\100\bin;C:\Program Files\Amazon\AWSCLIV2\;C:\Users\prath\AppData\Local\Android\Sdk\platform-tools;C:\Program Files\nodejs\;C:\Users\prath\AppData\Local\Android\Sdk\tools;C:\Users\prath\AppData\Local\Android\Sdk\tools\bin;C:\Users\prath\AppData\Local\Android\Sdk\cmdline-tools\latest\bin;C:\Program Files\Java\jdk-17\bin;C:\Users\prath\AppData\Local\Programs\Python\Python313\Scripts\;C:\Users\prath\AppData\Local\Programs\Python\Python313\;C:\Users\prath\AppData\Local\Programs\Python\Launcher\;C:\Users\prath\AppData\Local\Programs\Python\Python312\Scripts\;C:\Users\prath\AppData\Local\Programs\Python\Python312\;C:\Users\prath\AppData\Local\Microsoft\WindowsApps;C:\Users\prath\AppData\Local\GitHubDesktop\bin;C:\Users\prath\AppData\Local\Programs\Microsoft VS Code\bin;C:\Users\prath\AppData\Roaming\npm;C:\ProgramData\chocolatey\binC:\ProgramData\chocolatey\binC:\ProgramData\chocolatey\bin;C:\Users\prath\AppData\Local\Programs\Python\Python313\Scripts\;C:\Users\prath\AppData\Local\Programs\Python\Python313\;C:\Users\prath\AppData\Local\Programs\Python\Launcher\;C:\Users\prath\AppData\Local\Programs\Python\Python312\Scripts\;C:\Users\prath\AppData\Local\Programs\Python\Python312\;C:\Users\prath\AppData\Local\Microsoft\WindowsApps;C:\Users\prath\AppData\Local\GitHubDesktop\bin;C:\Users\prath\AppData\Local\Programs\Microsoft VS Code\bin;C:\Users\prath\AppData\Roaming\npm;C:\ProgramData\chocolatey\bin;C:\Users\prath\AppData\Local\Programs\Python\Python313\Scripts\;C:\Users\prath\AppData\Local\Programs\Python\Python313\;C:\Users\prath\AppData\Local\Programs\Python\Launcher\;C:\Users\prath\AppData\Local\Programs\Python\Python312\Scripts\;C:\Users\prath\AppData\Local\Programs\Python\Python312\;C:\Users\prath\AppData\Local\Microsoft\WindowsApps;C:\Users\prath\AppData\Local\GitHubDesktop\bin;C:\Users\prath\AppData\Local\Programs\Microsoft VS Code\bin;C:\Users\prath\AppData\Roaming\npm;C:\Users\prath\AppData\Local\Android\Sdk\platform-tools;
USERNAME=prath
LANG=en_US.UTF-8
OS=Windows_NT
PROCESSOR_IDENTIFIER=Intel64 Family 6 Model 165 Stepping 2, GenuineIntel
TMP=C:\Users\prath\AppData\Local\Temp
TEMP=C:\Users\prath\AppData\Local\Temp



Periodic native trim disabled


---------------  S Y S T E M  ---------------

OS:
 Windows 11 , 64 bit Build 22621 (10.0.22621.4974)
OS uptime: 0 days 9:02 hours

CPU: total 8 (initial active 8) (4 cores per cpu, 2 threads per core) family 6 model 165 stepping 2 microcode 0xe0, cx8, cmov, fxsr, ht, mmx, 3dnowpref, sse, sse2, sse3, ssse3, sse4.1, sse4.2, popcnt, lzcnt, tsc, tscinvbit, avx, avx2, aes, erms, clmul, bmi1, bmi2, adx, fma, vzeroupper, clflush, clflushopt
Processor Information for the first 8 processors :
  Max Mhz: 2496, Current Mhz: 2496, Mhz Limit: 2496

Memory: 4k page, system-wide physical 8029M (329M free)
TotalPageFile size 32605M (AvailPageFile size 10M)
current process WorkingSet (physical memory assigned to process): 106M, peak: 106M
current process commit charge ("private bytes"): 169M, peak: 169M

vm_info: OpenJDK 64-Bit Server VM (17.0.14+7-LTS) for windows-amd64 JRE (17.0.14+7-LTS), built on Jan  8 2025 23:39:28 by "MicrosoftCorporation" with unknown MS VC++:1939

END.
